<?xml version="1.0" encoding="UTF-8"?>
<testsuite xmlns:xsi="http://www.w3.org/2001/XMLSchema-instance" xsi:noNamespaceSchemaLocation="https://maven.apache.org/surefire/maven-surefire-plugin/xsd/surefire-test-report-3.0.xsd" version="3.0" name="com.mongo.db.MongoDbApplicationTests" time="5.506" tests="1" errors="0" skipped="0" failures="0">
  <properties>
[...]
</properties>
  <testcase name="contextLoads" classname="com.mongo.db.MongoDbApplicationTests" time="0.887">
    <system-out><![CDATA[19:19:16.638 [main] INFO org.springframework.test.context.support.AnnotationConfigContextLoaderUtils -- Could not detect default configuration classes for test class [com.mongo.db.MongoDbApplicationTests]: MongoDbApplicationTests does not declare any static, non-private, non-final, nested classes annotated with @Configuration.
19:19:16.775 [main] INFO org.springframework.boot.test.context.SpringBootTestContextBootstrapper -- Found @SpringBootConfiguration com.mongo.db.MongoDbApplication for test class com.mongo.db.MongoDbApplicationTests

  .   ____          _            __ _ _
 /\\ / ___'_ __ _ _(_)_ __  __ _ \ \ \ \
( ( )\___ | '_ | '_| | '_ \/ _` | \ \ \ \
 \\/  ___)| |_)| | | | | || (_| |  ) ) ) )
  '  |____| .__|_| |_|_| |_\__, | / / / /
 =========|_|==============|___/=/_/_/_/
 :: Spring Boot ::                (v3.1.0)

2023-06-10T19:19:17.260+05:30  INFO 2714 --- [           main] com.mongo.db.MongoDbApplicationTests     : Starting MongoDbApplicationTests using Java 17.0.4.1 with PID 2714 (started by arindamnag in /Users/arindamnag/Documents/intelliJ/workspace/MongoDB)
2023-06-10T19:19:17.261+05:30  INFO 2714 --- [           main] com.mongo.db.MongoDbApplicationTests     : No active profile set, falling back to 1 default profile: "default"
2023-06-10T19:19:18.336+05:30  INFO 2714 --- [           main] .s.d.r.c.RepositoryConfigurationDelegate : Bootstrapping Spring Data MongoDB repositories in DEFAULT mode.
2023-06-10T19:19:18.437+05:30  INFO 2714 --- [           main] .s.d.r.c.RepositoryConfigurationDelegate : Finished Spring Data repository scanning in 95 ms. Found 1 MongoDB repository interfaces.
2023-06-10T19:19:19.214+05:30  INFO 2714 --- [           main] org.mongodb.driver.client                : MongoClient with metadata {"driver": {"name": "mongo-java-driver|sync|spring-boot", "version": "4.9.1"}, "os": {"type": "Darwin", "name": "Mac OS X", "architecture": "x86_64", "version": "13.4"}, "platform": "Java/Amazon.com Inc./17.0.4.1+9-LTS"} created with settings MongoClientSettings{readPreference=primary, writeConcern=WriteConcern{w=majority, wTimeout=null ms, journal=null}, retryWrites=true, retryReads=true, readConcern=ReadConcern{level=null}, credential=MongoCredential{mechanism=null, userName='arindam', source='admin', password=<hidden>, mechanismProperties=<hidden>}, streamFactoryFactory=null, commandListeners=[], codecRegistry=ProvidersCodecRegistry{codecProviders=[ValueCodecProvider{}, BsonValueCodecProvider{}, DBRefCodecProvider{}, DBObjectCodecProvider{}, DocumentCodecProvider{}, CollectionCodecProvider{}, IterableCodecProvider{}, MapCodecProvider{}, GeoJsonCodecProvider{}, GridFSFileCodecProvider{}, Jsr310CodecProvider{}, JsonObjectCodecProvider{}, BsonCodecProvider{}, EnumCodecProvider{}, com.mongodb.client.model.mql.ExpressionCodecProvider@2f860823, com.mongodb.Jep395RecordCodecProvider@696b4a95]}, loggerSettings=LoggerSettings{maxDocumentLength=1000}, clusterSettings={hosts=[127.0.0.1:27017], srvHost=arindam.rzk2dge.mongodb.net, srvServiceName=mongodb, mode=MULTIPLE, requiredClusterType=REPLICA_SET, requiredReplicaSetName='atlas-y2k0ek-shard-0', serverSelector='null', clusterListeners='[]', serverSelectionTimeout='30000 ms', localThreshold='30000 ms'}, socketSettings=SocketSettings{connectTimeoutMS=10000, readTimeoutMS=0, receiveBufferSize=0, sendBufferSize=0}, heartbeatSocketSettings=SocketSettings{connectTimeoutMS=10000, readTimeoutMS=10000, receiveBufferSize=0, sendBufferSize=0}, connectionPoolSettings=ConnectionPoolSettings{maxSize=100, minSize=0, maxWaitTimeMS=120000, maxConnectionLifeTimeMS=0, maxConnectionIdleTimeMS=0, maintenanceInitialDelayMS=0, maintenanceFrequencyMS=60000, connectionPoolListeners=[], maxConnecting=2}, serverSettings=ServerSettings{heartbeatFrequencyMS=10000, minHeartbeatFrequencyMS=500, serverListeners='[]', serverMonitorListeners='[]'}, sslSettings=SslSettings{enabled=true, invalidHostNameAllowed=false, context=null}, applicationName='null', compressorList=[], uuidRepresentation=JAVA_LEGACY, serverApi=null, autoEncryptionSettings=null, contextProvider=null}
2023-06-10T19:19:19.228+05:30  INFO 2714 --- [dge.mongodb.net] org.mongodb.driver.cluster               : Adding discovered server ac-tpj4gc1-shard-00-00.rzk2dge.mongodb.net:27017 to client view of cluster
2023-06-10T19:19:19.250+05:30  INFO 2714 --- [dge.mongodb.net] org.mongodb.driver.cluster               : Adding discovered server ac-tpj4gc1-shard-00-01.rzk2dge.mongodb.net:27017 to client view of cluster
2023-06-10T19:19:19.252+05:30  INFO 2714 --- [dge.mongodb.net] org.mongodb.driver.cluster               : Adding discovered server ac-tpj4gc1-shard-00-02.rzk2dge.mongodb.net:27017 to client view of cluster
2023-06-10T19:19:20.536+05:30  INFO 2714 --- [ngodb.net:27017] org.mongodb.driver.cluster               : Monitor thread successfully connected to server with description ServerDescription{address=ac-tpj4gc1-shard-00-01.rzk2dge.mongodb.net:27017, type=REPLICA_SET_SECONDARY, state=CONNECTED, ok=true, minWireVersion=0, maxWireVersion=17, maxDocumentSize=16777216, logicalSessionTimeoutMinutes=30, roundTripTimeNanos=857476000, setName='atlas-y2k0ek-shard-0', canonicalAddress=ac-tpj4gc1-shard-00-01.rzk2dge.mongodb.net:27017, hosts=[ac-tpj4gc1-shard-00-01.rzk2dge.mongodb.net:27017, ac-tpj4gc1-shard-00-02.rzk2dge.mongodb.net:27017, ac-tpj4gc1-shard-00-00.rzk2dge.mongodb.net:27017], passives=[], arbiters=[], primary='ac-tpj4gc1-shard-00-02.rzk2dge.mongodb.net:27017', tagSet=TagSet{[Tag{name='nodeType', value='ELECTABLE'}, Tag{name='provider', value='GCP'}, Tag{name='region', value='ASIA_SOUTH_1'}, Tag{name='workloadType', value='OPERATIONAL'}]}, electionId=null, setVersion=3, topologyVersion=TopologyVersion{processId=646e2b13d667fa287514b598, counter=3}, lastWriteDate=Sat Jun 10 19:19:20 IST 2023, lastUpdateTimeNanos=8321908597583}
2023-06-10T19:19:20.536+05:30  INFO 2714 --- [ngodb.net:27017] org.mongodb.driver.cluster               : Monitor thread successfully connected to server with description ServerDescription{address=ac-tpj4gc1-shard-00-00.rzk2dge.mongodb.net:27017, type=REPLICA_SET_SECONDARY, state=CONNECTED, ok=true, minWireVersion=0, maxWireVersion=17, maxDocumentSize=16777216, logicalSessionTimeoutMinutes=30, roundTripTimeNanos=831427875, setName='atlas-y2k0ek-shard-0', canonicalAddress=ac-tpj4gc1-shard-00-00.rzk2dge.mongodb.net:27017, hosts=[ac-tpj4gc1-shard-00-01.rzk2dge.mongodb.net:27017, ac-tpj4gc1-shard-00-02.rzk2dge.mongodb.net:27017, ac-tpj4gc1-shard-00-00.rzk2dge.mongodb.net:27017], passives=[], arbiters=[], primary='ac-tpj4gc1-shard-00-02.rzk2dge.mongodb.net:27017', tagSet=TagSet{[Tag{name='nodeType', value='ELECTABLE'}, Tag{name='provider', value='GCP'}, Tag{name='region', value='ASIA_SOUTH_1'}, Tag{name='workloadType', value='OPERATIONAL'}]}, electionId=null, setVersion=3, topologyVersion=TopologyVersion{processId=646e2a6d3818fc53aeaaad3c, counter=4}, lastWriteDate=Sat Jun 10 19:19:20 IST 2023, lastUpdateTimeNanos=8321896062125}
2023-06-10T19:19:20.536+05:30  INFO 2714 --- [ngodb.net:27017] org.mongodb.driver.cluster               : Monitor thread successfully connected to server with description ServerDescription{address=ac-tpj4gc1-shard-00-02.rzk2dge.mongodb.net:27017, type=REPLICA_SET_PRIMARY, state=CONNECTED, ok=true, minWireVersion=0, maxWireVersion=17, maxDocumentSize=16777216, logicalSessionTimeoutMinutes=30, roundTripTimeNanos=854745250, setName='atlas-y2k0ek-shard-0', canonicalAddress=ac-tpj4gc1-shard-00-02.rzk2dge.mongodb.net:27017, hosts=[ac-tpj4gc1-shard-00-01.rzk2dge.mongodb.net:27017, ac-tpj4gc1-shard-00-02.rzk2dge.mongodb.net:27017, ac-tpj4gc1-shard-00-00.rzk2dge.mongodb.net:27017], passives=[], arbiters=[], primary='ac-tpj4gc1-shard-00-02.rzk2dge.mongodb.net:27017', tagSet=TagSet{[Tag{name='nodeType', value='ELECTABLE'}, Tag{name='provider', value='GCP'}, Tag{name='region', value='ASIA_SOUTH_1'}, Tag{name='workloadType', value='OPERATIONAL'}]}, electionId=7fffffff0000000000000046, setVersion=3, topologyVersion=TopologyVersion{processId=646e2ac0ca8a6c1cebeb2499, counter=6}, lastWriteDate=Sat Jun 10 19:19:20 IST 2023, lastUpdateTimeNanos=8321909042958}
2023-06-10T19:19:20.560+05:30  INFO 2714 --- [ngodb.net:27017] org.mongodb.driver.cluster               : Discovered replica set primary ac-tpj4gc1-shard-00-02.rzk2dge.mongodb.net:27017 with max election id 7fffffff0000000000000046 and max set version 3
2023-06-10T19:19:20.985+05:30  INFO 2714 --- [           main] com.mongo.db.MongoDbApplicationTests     : Started MongoDbApplicationTests in 4.058 seconds (process running for 5.3)
]]></system-out>
  </testcase>
</testsuite>